<?xml version="1.0" encoding="UTF-8"?>
<testng-results skipped="0" failed="0" ignored="0" total="1" passed="1">
  <reporter-output>
  </reporter-output>
  <suite name="Default suite" duration-ms="9869" started-at="2017-09-11T12:14:19Z" finished-at="2017-09-11T12:14:29Z">
    <groups>
    </groups>
    <test name="Default test" duration-ms="9869" started-at="2017-09-11T12:14:19Z" finished-at="2017-09-11T12:14:29Z">
      <class name="com.staging.tests.COOLStagingTest">
        <test-method status="PASS" signature="init()[pri:0, instance:com.staging.tests.COOLStagingTest@7cd62f43]" name="init" is-config="true" duration-ms="4660" started-at="2017-09-11T17:44:19Z" finished-at="2017-09-11T17:44:24Z">
          <reporter-output>
          </reporter-output>
        </test-method> <!-- init -->
        <test-method status="PASS" signature="coolStagingTest()[pri:0, instance:com.staging.tests.COOLStagingTest@7cd62f43]" name="coolStagingTest" duration-ms="4840" started-at="2017-09-11T17:44:24Z" finished-at="2017-09-11T17:44:29Z">
          <reporter-output>
          </reporter-output>
        </test-method> <!-- coolStagingTest -->
        <test-method status="PASS" signature="getResult(org.testng.ITestResult)[pri:0, instance:com.staging.tests.COOLStagingTest@7cd62f43]" name="getResult" is-config="true" duration-ms="2" started-at="2017-09-11T17:44:29Z" finished-at="2017-09-11T17:44:29Z">
          <params>
            <param index="0">
              <value>
                <![CDATA[[TestResult name=coolStagingTest status=SUCCESS method=COOLStagingTest.coolStagingTest()[pri:0, instance:com.staging.tests.COOLStagingTest@7cd62f43] output={null}]]]>
              </value>
            </param>
          </params>
          <reporter-output>
          </reporter-output>
        </test-method> <!-- getResult -->
        <test-method status="PASS" signature="endreport()[pri:0, instance:com.staging.tests.COOLStagingTest@7cd62f43]" name="endreport" is-config="true" duration-ms="350" started-at="2017-09-11T17:44:29Z" finished-at="2017-09-11T17:44:29Z">
          <reporter-output>
          </reporter-output>
        </test-method> <!-- endreport -->
      </class> <!-- com.staging.tests.COOLStagingTest -->
    </test> <!-- Default test -->
  </suite> <!-- Default suite -->
</testng-results>
